date: 2017-02-07 17:59:38.978
argv: /Users/panlilu/.nvm/versions/node/v4.4.3/bin/node /usr/local/bin/hexo server
os: Darwin 15.6.0 darwin x64
version:
  hexo: 2.4.5
  http_parser: 2.5.2
  node: 4.4.3
  v8: 4.5.103.35
  uv: 1.8.0
  zlib: 1.2.8
  ares: 1.10.1-DEV
  icu: 56.1
  modules: 46
  openssl: 1.0.2g
---

[debug] 17:59:38.351 Configuration file load successfully
[debug] 17:59:38.354 Version info checked successfully
[debug] 17:59:38.479 Plugin loaded successfully: hexo-front-matter
[debug] 17:59:38.754 Plugin loaded successfully: hexo-fs
[error] 17:59:38.762 HexoError: Plugin load failed: hexo-generator-archive
ExtendError: Generator function is not defined
    at Generator.register (/usr/local/lib/node_modules/hexo/lib/extend/generator.js:41:11)
    at Object.<anonymous> (/Users/panlilu/dev/tinfinite-blog/node_modules/hexo-generator-archive/index.js:25:23)
    at Module._compile (module.js:409:26)
    at Object.Module._extensions..js (module.js:416:10)
    at Module.load (module.js:343:32)
    at Function.Module._load (module.js:300:12)
    at Module.require (module.js:353:17)
    at require (internal/module.js:12:17)
    at /usr/local/lib/node_modules/hexo/lib/loaders/plugins.js:29:13
    at Array.forEach (native)
    at /usr/local/lib/node_modules/hexo/lib/loaders/plugins.js:25:15
    at ReaddirReq.Req.done (/usr/local/lib/node_modules/hexo/node_modules/graceful-fs/graceful-fs.js:142:5)
    at ReaddirReq.done (/usr/local/lib/node_modules/hexo/node_modules/graceful-fs/graceful-fs.js:89:22)
    at FSReqWrap.oncomplete (fs.js:82:15)

[error] 17:59:38.768 HexoError: Plugin load failed: hexo-generator-category
ExtendError: Generator function is not defined
    at Generator.register (/usr/local/lib/node_modules/hexo/lib/extend/generator.js:41:11)
    at Object.<anonymous> (/Users/panlilu/dev/tinfinite-blog/node_modules/hexo-generator-category/index.js:9:23)
    at Module._compile (module.js:409:26)
    at Object.Module._extensions..js (module.js:416:10)
    at Module.load (module.js:343:32)
    at Function.Module._load (module.js:300:12)
    at Module.require (module.js:353:17)
    at require (internal/module.js:12:17)
    at /usr/local/lib/node_modules/hexo/lib/loaders/plugins.js:29:13
    at Array.forEach (native)
    at /usr/local/lib/node_modules/hexo/lib/loaders/plugins.js:25:15
    at ReaddirReq.Req.done (/usr/local/lib/node_modules/hexo/node_modules/graceful-fs/graceful-fs.js:142:5)
    at ReaddirReq.done (/usr/local/lib/node_modules/hexo/node_modules/graceful-fs/graceful-fs.js:89:22)
    at FSReqWrap.oncomplete (fs.js:82:15)

[error] 17:59:38.773 HexoError: Plugin load failed: hexo-generator-index
ExtendError: Generator function is not defined
    at Generator.register (/usr/local/lib/node_modules/hexo/lib/extend/generator.js:41:11)
    at Object.<anonymous> (/Users/panlilu/dev/tinfinite-blog/node_modules/hexo-generator-index/index.js:12:23)
    at Module._compile (module.js:409:26)
    at Object.Module._extensions..js (module.js:416:10)
    at Module.load (module.js:343:32)
    at Function.Module._load (module.js:300:12)
    at Module.require (module.js:353:17)
    at require (internal/module.js:12:17)
    at /usr/local/lib/node_modules/hexo/lib/loaders/plugins.js:29:13
    at Array.forEach (native)
    at /usr/local/lib/node_modules/hexo/lib/loaders/plugins.js:25:15
    at ReaddirReq.Req.done (/usr/local/lib/node_modules/hexo/node_modules/graceful-fs/graceful-fs.js:142:5)
    at ReaddirReq.done (/usr/local/lib/node_modules/hexo/node_modules/graceful-fs/graceful-fs.js:89:22)
    at FSReqWrap.oncomplete (fs.js:82:15)

[debug] 17:59:38.775 Plugin loaded successfully: hexo-generator-json-content
[error] 17:59:38.778 HexoError: Plugin load failed: hexo-generator-tag
ExtendError: Generator function is not defined
    at Generator.register (/usr/local/lib/node_modules/hexo/lib/extend/generator.js:41:11)
    at Object.<anonymous> (/Users/panlilu/dev/tinfinite-blog/node_modules/hexo-generator-tag/index.js:10:23)
    at Module._compile (module.js:409:26)
    at Object.Module._extensions..js (module.js:416:10)
    at Module.load (module.js:343:32)
    at Function.Module._load (module.js:300:12)
    at Module.require (module.js:353:17)
    at require (internal/module.js:12:17)
    at /usr/local/lib/node_modules/hexo/lib/loaders/plugins.js:29:13
    at Array.forEach (native)
    at /usr/local/lib/node_modules/hexo/lib/loaders/plugins.js:25:15
    at ReaddirReq.Req.done (/usr/local/lib/node_modules/hexo/node_modules/graceful-fs/graceful-fs.js:142:5)
    at ReaddirReq.done (/usr/local/lib/node_modules/hexo/node_modules/graceful-fs/graceful-fs.js:89:22)
    at FSReqWrap.oncomplete (fs.js:82:15)

[debug] 17:59:38.781 Plugin loaded successfully: hexo-i18n
[debug] 17:59:38.849 Plugin loaded successfully: hexo-log
[debug] 17:59:38.849 Plugin loaded successfully: hexo-pagination
[debug] 17:59:38.854 Plugin loaded successfully: hexo-renderer-ejs
[debug] 17:59:38.939 Plugin loaded successfully: hexo-renderer-marked
[debug] 17:59:38.941 Plugin loaded successfully: hexo-renderer-stylus
[error] 17:59:38.968 HexoError: Plugin load failed: hexo-server
ExtendError: Filter type must be either pre or post
    at Filter.register (/usr/local/lib/node_modules/hexo/lib/extend/filter.js:54:11)
    at Object.<anonymous> (/Users/panlilu/dev/tinfinite-blog/node_modules/hexo-server/index.js:26:20)
    at Module._compile (module.js:409:26)
    at Object.Module._extensions..js (module.js:416:10)
    at Module.load (module.js:343:32)
    at Function.Module._load (module.js:300:12)
    at Module.require (module.js:353:17)
    at require (internal/module.js:12:17)
    at /usr/local/lib/node_modules/hexo/lib/loaders/plugins.js:29:13
    at Array.forEach (native)
    at /usr/local/lib/node_modules/hexo/lib/loaders/plugins.js:25:15
    at ReaddirReq.Req.done (/usr/local/lib/node_modules/hexo/node_modules/graceful-fs/graceful-fs.js:142:5)
    at ReaddirReq.done (/usr/local/lib/node_modules/hexo/node_modules/graceful-fs/graceful-fs.js:89:22)
    at FSReqWrap.oncomplete (fs.js:82:15)

[debug] 17:59:38.968 Plugin loaded successfully: hexo-util
[error] 17:59:38.972 TypeError: Cannot read property 'config' of undefined
TypeError: Cannot read property 'config' of undefined
    at module.exports (/Users/panlilu/dev/tinfinite-blog/node_modules/hexo-server/lib/server.js:13:20)
    at Domain.<anonymous> (/usr/local/lib/node_modules/hexo/lib/core/index.js:249:9)
    at Domain.run (domain.js:228:14)
    at Hexo.call (/usr/local/lib/node_modules/hexo/lib/core/index.js:248:9)
    at /usr/local/lib/node_modules/hexo/lib/init.js:51:10
    at /usr/local/lib/node_modules/hexo/node_modules/async/lib/async.js:139:25
    at /usr/local/lib/node_modules/hexo/node_modules/async/lib/async.js:229:13
    at /usr/local/lib/node_modules/hexo/node_modules/async/lib/async.js:139:25
    at /usr/local/lib/node_modules/hexo/node_modules/async/lib/async.js:226:17
    at /usr/local/lib/node_modules/hexo/node_modules/async/lib/async.js:553:34
    at /usr/local/lib/node_modules/hexo/lib/loaders/scripts.js:10:24
    at FSReqWrap.cb [as oncomplete] (fs.js:212:19)
